# Logfile created on 2014-02-21 20:03:13 -0500 by logger.rb/41954
I, [2014-02-21T20:03:13.568931 #4375]  INFO -- : 0:  i18n (0.6.9) from /Users/jemonat/.rvm/gems/ruby-2.0.0-p353/specifications/i18n-0.6.9.gemspec
I, [2014-02-21T20:03:13.570297 #4375]  INFO -- : 0:  minitest (4.7.5) from /Users/jemonat/.rvm/gems/ruby-2.0.0-p353/specifications/minitest-4.7.5.gemspec
I, [2014-02-21T20:03:13.571421 #4375]  INFO -- : 0:  multi_json (1.8.4) from /Users/jemonat/.rvm/gems/ruby-2.0.0-p353/specifications/multi_json-1.8.4.gemspec
I, [2014-02-21T20:03:13.572794 #4375]  INFO -- : 0:  atomic (1.1.14) from /Users/jemonat/.rvm/gems/ruby-2.0.0-p353/specifications/atomic-1.1.14.gemspec
I, [2014-02-21T20:03:13.574084 #4375]  INFO -- : 0:  thread_safe (0.1.3) from /Users/jemonat/.rvm/gems/ruby-2.0.0-p353/specifications/thread_safe-0.1.3.gemspec
I, [2014-02-21T20:03:13.575289 #4375]  INFO -- : 0:  tzinfo (0.3.38) from /Users/jemonat/.rvm/gems/ruby-2.0.0-p353/specifications/tzinfo-0.3.38.gemspec
I, [2014-02-21T20:03:16.247511 #4375]  INFO -- : 0:  activesupport (4.0.3) from /Users/jemonat/.rvm/gems/ruby-2.0.0-p353/specifications/activesupport-4.0.3.gemspec
I, [2014-02-21T20:03:16.248317 #4375]  INFO -- : 0:  builder (3.1.4) from /Users/jemonat/.rvm/gems/ruby-2.0.0-p353/specifications/builder-3.1.4.gemspec
I, [2014-02-21T20:03:17.732050 #4375]  INFO -- : 0:  activemodel (4.0.3) from /Users/jemonat/.rvm/gems/ruby-2.0.0-p353/specifications/activemodel-4.0.3.gemspec
I, [2014-02-21T20:03:17.732875 #4375]  INFO -- : 0:  activerecord-deprecated_finders (1.0.3) from /Users/jemonat/.rvm/gems/ruby-2.0.0-p353/specifications/activerecord-deprecated_finders-1.0.3.gemspec
I, [2014-02-21T20:03:17.733414 #4375]  INFO -- : 0:  arel (4.0.2) from /Users/jemonat/.rvm/gems/ruby-2.0.0-p353/specifications/arel-4.0.2.gemspec
I, [2014-02-21T20:03:18.912199 #4375]  INFO -- : 0:  activerecord (4.0.3) from /Users/jemonat/.rvm/gems/ruby-2.0.0-p353/specifications/activerecord-4.0.3.gemspec
I, [2014-02-21T20:03:18.912998 #4375]  INFO -- : 0:  pg (0.17.1) from /Users/jemonat/.rvm/gems/ruby-2.0.0-p353/specifications/pg-0.17.1.gemspec
I, [2014-02-21T20:03:18.913518 #4375]  INFO -- : 0:  rack (1.5.2) from /Users/jemonat/.rvm/gems/ruby-2.0.0-p353/specifications/rack-1.5.2.gemspec
I, [2014-02-21T20:03:18.914029 #4375]  INFO -- : 0:  rack-protection (1.5.2) from /Users/jemonat/.rvm/gems/ruby-2.0.0-p353/specifications/rack-protection-1.5.2.gemspec
I, [2014-02-21T20:03:18.914533 #4375]  INFO -- : 0:  tilt (1.4.1) from /Users/jemonat/.rvm/gems/ruby-2.0.0-p353/specifications/tilt-1.4.1.gemspec
I, [2014-02-21T20:03:18.944210 #4375]  INFO -- : 0:  sinatra (1.4.4) from /Users/jemonat/.rvm/gems/ruby-2.0.0-p353/specifications/sinatra-1.4.4.gemspec
I, [2014-02-21T20:03:18.946412 #4375]  INFO -- : 0:  sinatra-activerecord (1.3.0) from /Users/jemonat/.rvm/gems/ruby-2.0.0-p353/specifications/sinatra-activerecord-1.3.0.gemspec
I, [2014-02-21T20:03:18.950685 #4375]  INFO -- : 0:  bundler (1.5.1) from /Users/jemonat/.rvm/gems/ruby-2.0.0-p353@global/specifications/bundler-1.5.1.gemspec
